[debug] [2022-07-18T23:32:31.133Z] ----------------------------------------------------------------------
[debug] [2022-07-18T23:32:31.134Z] Command:       C:\Program Files\nodejs\node.exe C:\Users\Usuario\AppData\Roaming\npm\node_modules\firebase-tools\lib\bin\firebase.js init hosting
[debug] [2022-07-18T23:32:31.135Z] CLI Version:   11.3.0
[debug] [2022-07-18T23:32:31.135Z] Platform:      win32
[debug] [2022-07-18T23:32:31.135Z] Node Version:  v16.15.0
[debug] [2022-07-18T23:32:31.136Z] Time:          Mon Jul 18 2022 20:32:31 GMT-0300 (hora estándar de Argentina)
[debug] [2022-07-18T23:32:31.136Z] ----------------------------------------------------------------------
[debug] 
[debug] [2022-07-18T23:32:31.142Z] > command requires scopes: ["email","openid","https://www.googleapis.com/auth/cloudplatformprojects.readonly","https://www.googleapis.com/auth/firebase","https://www.googleapis.com/auth/cloud-platform"]
[debug] [2022-07-18T23:32:31.142Z] > authorizing via signed-in user (maisaa7x@gmail.com)
[info] 
     ######## #### ########  ######## ########     ###     ######  ########
     ##        ##  ##     ## ##       ##     ##  ##   ##  ##       ##
     ######    ##  ########  ######   ########  #########  ######  ######
     ##        ##  ##    ##  ##       ##     ## ##     ##       ## ##
     ##       #### ##     ## ######## ########  ##     ##  ######  ########

You're about to initialize a Firebase project in this directory:

  C:\desarrollo-web\nodejs

Before we get started, keep in mind:

  * You are currently outside your home directory

